torch.compile disabled in this fork runtime path.
Using PyTorch SDPA attention backend.
GPU: NVIDIA GeForce RTX 4060 Ti
GPU VRAM: 16.0 GB
GPU CC: 8.9
GPU profile: ada-10-15gb
Consumer matrix support: yes
TF32: enabled
AMP dtype: torch.bfloat16
Vocab size: 16,384
Dataset: fineweb-edu
Muon compute dtype: torch.bfloat16 (matching AMP dtype)
Running consumer GPU autotune in eager mode...
Autotune probe: train_batch_size=16, checkpointing=on
Scaling AdamW LRs by 1/sqrt(256/768) = 1.732051
  accepted: tok/sec=66,624, peak_vram_mb=12672.6
Autotune probe: train_batch_size=8, checkpointing=on
Scaling AdamW LRs by 1/sqrt(256/768) = 1.732051
  accepted: tok/sec=66,659, peak_vram_mb=6680.7
Autotune probe: train_batch_size=4, checkpointing=on
Scaling AdamW LRs by 1/sqrt(256/768) = 1.732051
  accepted: tok/sec=64,060, peak_vram_mb=3492.3
Autotune selected candidate: batch_size=8, checkpointing=on.
Attention backend: sdpa
torch.compile: disabled
Trying train candidate: batch_size=8, activation_checkpointing=enabled
Model config: {'sequence_len': 2048, 'vocab_size': 16384, 'n_layer': 4, 'n_head': 4, 'n_kv_head': 4, 'n_embd': 256, 'window_pattern': 'SSSL', 'attention_backend': 'sdpa', 'use_activation_checkpointing': True, 'compute_dtype': torch.bfloat16, 'num_experts': 4, 'top_k_experts': 2, 'num_shared_experts': 1, 'expert_dim': 0, 'mhc_expansion': 2}
Parameter counts:
  wte                     : 4,194,304
  value_embeds            : 8,388,608
  lm_head                 : 4,194,304
  transformer_matrices    : 5,255,476
  scalars                 : 8
  moe_router              : 4,096
  moe_experts             : 2,097,152
  moe_shared              : 2,097,152
  total                   : 22,032,700
Estimated FLOPs per token: 7.242732e+07
Scaling AdamW LRs by 1/sqrt(256/768) = 1.732051
Time budget: 3000s
Gradient accumulation steps: 32
step 00000 (0.0%) | loss: 16.257793 | lrm: 1.00 | dt: 7463ms | tok/sec: 70,251 | mfu: 5.8% | epoch: 1 | remaining: 3000s    step 00001 (0.0%) | loss: 16.270152 | lrm: 1.00 | dt: 7848ms | tok/sec: 66,807 | mfu: 5.5% | epoch: 1 | remaining: 3000s    step 00002 (0.0%) | loss: 15.301555 | lrm: 1.00 | dt: 7865ms | tok/sec: 66,661 | mfu: 5.5% | epoch: 1 | remaining: 3000s    step 00003 (0.0%) | loss: 14.690117 | lrm: 1.00 | dt: 7795ms | tok/sec: 67,261 | mfu: 5.5% | epoch: 1 | remaining: 3000s    The size of tensor a (8) must match the size of tensor b (6) at non-singleton dimension 0
