torch.compile disabled in this fork runtime path.
Using PyTorch SDPA attention backend.
GPU: NVIDIA GeForce RTX 4060 Ti
GPU VRAM: 16.0 GB
GPU CC: 8.9
GPU profile: ada-10-15gb
Consumer matrix support: yes
TF32: enabled
AMP dtype: torch.bfloat16
Vocab size: 8,192
Dataset: fineweb-edu
Muon compute dtype: torch.bfloat16 (matching AMP dtype)
Using cached autotune candidate: batch_size=8, checkpointing=on.
Attention backend: sdpa
torch.compile: disabled
Trying train candidate: batch_size=8, activation_checkpointing=enabled
Model config: {'sequence_len': 2048, 'vocab_size': 8192, 'n_layer': 4, 'n_head': 4, 'n_kv_head': 4, 'n_embd': 256, 'window_pattern': 'SSSL', 'attention_backend': 'sdpa', 'use_activation_checkpointing': True, 'compute_dtype': torch.bfloat16, 'num_experts': 32, 'top_k_experts': 2, 'num_shared_experts': 2, 'expert_dim': 0, 'mhc_expansion': 2}
Parameter counts:
  wte                     : 2,097,152
  value_embeds            : 4,194,304
  lm_head                 : 2,097,152
  transformer_matrices    : 22,061,364
  scalars                 : 8
  moe_router              : 32,768
  moe_experts             : 16,777,216
  moe_shared              : 4,194,304
  total                   : 30,449,980
Estimated FLOPs per token: 1.606797e+08
Scaling AdamW LRs by 1/sqrt(256/768) = 1.732051
Time budget: 3000s
Gradient accumulation steps: 32
step 00000 (0.0%) | loss: 15.564512 | lrm: 1.00 | dt: 7053ms | tok/sec: 74,330 | mfu: 13.5% | epoch: 1 | remaining: 3000s    step 00001 (0.0%) | loss: 15.564681 | lrm: 1.00 | dt: 6741ms | tok/sec: 77,775 | mfu: 14.1% | epoch: 1 | remaining: 3000s    step 00002 (0.0%) | loss: 15.583094 | lrm: 1.00 | dt: 8685ms | tok/sec: 60,364 | mfu: 11.0% | epoch: 1 | remaining: 3000s    step 00003 (0.0%) | loss: 15.212452 | lrm: 1.00 | dt: 10508ms | tok/sec: 49,892 | mfu: 9.1% | epoch: 1 | remaining: 3000s    step 00004 (0.0%) | loss: 14.319032 | lrm: 1.00 | dt: 10529ms | tok/sec: 49,795 | mfu: 9.1% | epoch: 1 | remaining: 3000s    step 00005 (0.0%) | loss: 13.235884 | lrm: 1.00 | dt: 10673ms | tok/sec: 49,122 | mfu: 8.9% | epoch: 1 | remaining: 3000s    step 00006 (0.0%) | loss: 12.229118 | lrm: 1.00 | dt: 11294ms | tok/sec: 46,422 | mfu: 8.4% | epoch: 1 | remaining: 3000s    The size of tensor a (8) must match the size of tensor b (4) at non-singleton dimension 0
