torch.compile disabled in this fork runtime path.
Using PyTorch SDPA attention backend.
GPU: NVIDIA GeForce RTX 4060 Ti
GPU VRAM: 16.0 GB
GPU CC: 8.9
GPU profile: ada-10-15gb
Consumer matrix support: yes
TF32: enabled
AMP dtype: torch.bfloat16
Vocab size: 16,384
Dataset: fineweb-edu
Muon compute dtype: torch.bfloat16 (matching AMP dtype)
Using cached autotune candidate: batch_size=8, checkpointing=on.
Attention backend: sdpa
torch.compile: disabled
Trying train candidate: batch_size=8, activation_checkpointing=enabled
Model config: {'sequence_len': 2048, 'vocab_size': 16384, 'n_layer': 4, 'n_head': 4, 'n_kv_head': 4, 'n_embd': 256, 'window_pattern': 'SSSL', 'attention_backend': 'sdpa', 'use_activation_checkpointing': True, 'compute_dtype': torch.bfloat16, 'num_experts': 4, 'top_k_experts': 2, 'num_shared_experts': 1, 'expert_dim': 0, 'mhc_expansion': 2}
Parameter counts:
  wte                     : 4,194,304
  value_embeds            : 8,388,608
  lm_head                 : 4,194,304
  transformer_matrices    : 5,255,476
  scalars                 : 8
  moe_router              : 4,096
  moe_experts             : 2,097,152
  moe_shared              : 2,097,152
  total                   : 22,032,700
Estimated FLOPs per token: 7.242732e+07
Scaling AdamW LRs by 1/sqrt(256/768) = 1.732051
Time budget: 3000s
Gradient accumulation steps: 32
step 00000 (0.0%) | loss: 16.257660 | lrm: 1.00 | dt: 301100ms | tok/sec: 1,741 | mfu: 0.1% | epoch: 1 | remaining: 3000s    step 00001 (0.0%) | loss: 16.257618 | lrm: 1.00 | dt: 76733ms | tok/sec: 6,832 | mfu: 0.6% | epoch: 1 | remaining: 3000s    step 00002 (0.0%) | loss: 16.207446 | lrm: 1.00 | dt: 122502ms | tok/sec: 4,279 | mfu: 0.4% | epoch: 1 | remaining: 3000s    step 00003 (0.0%) | loss: 15.694318 | lrm: 1.00 | dt: 247416ms | tok/sec: 2,119 | mfu: 0.2% | epoch: 1 | remaining: 3000s    step 00004 (0.0%) | loss: 15.140684 | lrm: 1.00 | dt: 302815ms | tok/sec: 1,731 | mfu: 0.1% | epoch: 1 | remaining: 3000s    step 00005 (0.0%) | loss: 14.234921 | lrm: 1.00 | dt: 600426ms | tok/sec: 873 | mfu: 0.1% | epoch: 1 | remaining: 3000s    step 00006 (0.0%) | loss: 13.197474 | lrm: 1.00 | dt: 478277ms | tok/sec: 1,096 | mfu: 0.1% | epoch: 1 | remaining: 3000s    step 00007 (0.0%) | loss: 12.217744 | lrm: 1.00 | dt: 389161ms | tok/sec: 1,347 | mfu: 0.1% | epoch: 1 | remaining: 3000s    step 00008 (0.0%) | loss: 11.398581 | lrm: 1.00 | dt: 581509ms | tok/sec: 901 | mfu: 0.1% | epoch: 1 | remaining: 3000s    step 00009 (0.0%) | loss: 10.694916 | lrm: 1.00 | dt: 356377ms | tok/sec: 1,471 | mfu: 0.1% | epoch: 1 | remaining: 3000s    step 00010 (0.0%) | loss: 10.111305 | lrm: 1.00 | dt: 195646ms | tok/sec: 2,679 | mfu: 0.2% | epoch: 1 | remaining: 3000s    C:\actions-runner\_work\pytorch\pytorch\pytorch\aten\src\ATen\native\cuda\IndexKernel.cu:111: block: [21,0,0], thread: [34,0,0] Assertion `-sizes[i] <= index && index < sizes[i] && "index out of bounds"` failed.
C:\actions-runner\_work\pytorch\pytorch\pytorch\aten\src\ATen\native\cuda\IndexKernel.cu:111: block: [7,0,0], thread: [99,0,0] Assertion `-sizes[i] <= index && index < sizes[i] && "index out of bounds"` failed.
C:\actions-runner\_work\pytorch\pytorch\pytorch\aten\src\ATen\native\cuda\IndexKernel.cu:111: block: [27,0,0], thread: [100,0,0] Assertion `-sizes[i] <= index && index < sizes[i] && "index out of bounds"` failed.
C:\actions-runner\_work\pytorch\pytorch\pytorch\aten\src\ATen\native\cuda\IndexKernel.cu:111: block: [27,0,0], thread: [101,0,0] Assertion `-sizes[i] <= index && index < sizes[i] && "index out of bounds"` failed.
C:\actions-runner\_work\pytorch\pytorch\pytorch\aten\src\ATen\native\cuda\IndexKernel.cu:111: block: [2,0,0], thread: [32,0,0] Assertion `-sizes[i] <= index && index < sizes[i] && "index out of bounds"` failed.
C:\actions-runner\_work\pytorch\pytorch\pytorch\aten\src\ATen\native\cuda\IndexKernel.cu:111: block: [2,0,0], thread: [40,0,0] Assertion `-sizes[i] <= index && index < sizes[i] && "index out of bounds"` failed.
C:\actions-runner\_work\pytorch\pytorch\pytorch\aten\src\ATen\native\cuda\IndexKernel.cu:111: block: [22,0,0], thread: [10,0,0] Assertion `-sizes[i] <= index && index < sizes[i] && "index out of bounds"` failed.
C:\actions-runner\_work\pytorch\pytorch\pytorch\aten\src\ATen\native\cuda\IndexKernel.cu:111: block: [8,0,0], thread: [42,0,0] Assertion `-sizes[i] <= index && index < sizes[i] && "index out of bounds"` failed.
C:\actions-runner\_work\pytorch\pytorch\pytorch\aten\src\ATen\native\cuda\IndexKernel.cu:111: block: [12,0,0], thread: [106,0,0] Assertion `-sizes[i] <= index && index < sizes[i] && "index out of bounds"` failed.
C:\actions-runner\_work\pytorch\pytorch\pytorch\aten\src\ATen\native\cuda\IndexKernel.cu:111: block: [2,0,0], thread: [75,0,0] Assertion `-sizes[i] <= index && index < sizes[i] && "index out of bounds"` failed.
C:\actions-runner\_work\pytorch\pytorch\pytorch\aten\src\ATen\native\cuda\IndexKernel.cu:111: block: [17,0,0], thread: [34,0,0] Assertion `-sizes[i] <= index && index < sizes[i] && "index out of bounds"` failed.
C:\actions-runner\_work\pytorch\pytorch\pytorch\aten\src\ATen\native\cuda\IndexKernel.cu:111: block: [17,0,0], thread: [41,0,0] Assertion `-sizes[i] <= index && index < sizes[i] && "index out of bounds"` failed.
C:\actions-runner\_work\pytorch\pytorch\pytorch\aten\src\ATen\native\cuda\IndexKernel.cu:111: block: [17,0,0], thread: [42,0,0] Assertion `-sizes[i] <= index && index < sizes[i] && "index out of bounds"` failed.
C:\actions-runner\_work\pytorch\pytorch\pytorch\aten\src\ATen\native\cuda\IndexKernel.cu:111: block: [28,0,0], thread: [38,0,0] Assertion `-sizes[i] <= index && index < sizes[i] && "index out of bounds"` failed.
C:\actions-runner\_work\pytorch\pytorch\pytorch\aten\src\ATen\native\cuda\IndexKernel.cu:111: block: [28,0,0], thread: [45,0,0] Assertion `-sizes[i] <= index && index < sizes[i] && "index out of bounds"` failed.
C:\actions-runner\_work\pytorch\pytorch\pytorch\aten\src\ATen\native\cuda\IndexKernel.cu:111: block: [0,0,0], thread: [0,0,0] Assertion `-sizes[i] <= index && index < sizes[i] && "index out of bounds"` failed.
C:\actions-runner\_work\pytorch\pytorch\pytorch\aten\src\ATen\native\cuda\IndexKernel.cu:111: block: [0,0,0], thread: [4,0,0] Assertion `-sizes[i] <= index && index < sizes[i] && "index out of bounds"` failed.
C:\actions-runner\_work\pytorch\pytorch\pytorch\aten\src\ATen\native\cuda\IndexKernel.cu:111: block: [0,0,0], thread: [14,0,0] Assertion `-sizes[i] <= index && index < sizes[i] && "index out of bounds"` failed.
C:\actions-runner\_work\pytorch\pytorch\pytorch\aten\src\ATen\native\cuda\IndexKernel.cu:111: block: [12,0,0], thread: [4,0,0] Assertion `-sizes[i] <= index && index < sizes[i] && "index out of bounds"` failed.
C:\actions-runner\_work\pytorch\pytorch\pytorch\aten\src\ATen\native\cuda\IndexKernel.cu:111: block: [12,0,0], thread: [15,0,0] Assertion `-sizes[i] <= index && index < sizes[i] && "index out of bounds"` failed.
C:\actions-runner\_work\pytorch\pytorch\pytorch\aten\src\ATen\native\cuda\IndexKernel.cu:111: block: [29,0,0], thread: [112,0,0] Assertion `-sizes[i] <= index && index < sizes[i] && "index out of bounds"` failed.
C:\actions-runner\_work\pytorch\pytorch\pytorch\aten\src\ATen\native\cuda\IndexKernel.cu:111: block: [9,0,0], thread: [6,0,0] Assertion `-sizes[i] <= index && index < sizes[i] && "index out of bounds"` failed.
C:\actions-runner\_work\pytorch\pytorch\pytorch\aten\src\ATen\native\cuda\IndexKernel.cu:111: block: [9,0,0], thread: [15,0,0] Assertion `-sizes[i] <= index && index < sizes[i] && "index out of bounds"` failed.
C:\actions-runner\_work\pytorch\pytorch\pytorch\aten\src\ATen\native\cuda\IndexKernel.cu:111: block: [20,0,0], thread: [44,0,0] Assertion `-sizes[i] <= index && index < sizes[i] && "index out of bounds"` failed.
C:\actions-runner\_work\pytorch\pytorch\pytorch\aten\src\ATen\native\cuda\IndexKernel.cu:111: block: [20,0,0], thread: [47,0,0] Assertion `-sizes[i] <= index && index < sizes[i] && "index out of bounds"` failed.
C:\actions-runner\_work\pytorch\pytorch\pytorch\aten\src\ATen\native\cuda\IndexKernel.cu:111: block: [14,0,0], thread: [81,0,0] Assertion `-sizes[i] <= index && index < sizes[i] && "index out of bounds"` failed.
C:\actions-runner\_work\pytorch\pytorch\pytorch\aten\src\ATen\native\cuda\IndexKernel.cu:111: block: [3,0,0], thread: [96,0,0] Assertion `-sizes[i] <= index && index < sizes[i] && "index out of bounds"` failed.
C:\actions-runner\_work\pytorch\pytorch\pytorch\aten\src\ATen\native\cuda\IndexKernel.cu:111: block: [3,0,0], thread: [111,0,0] Assertion `-sizes[i] <= index && index < sizes[i] && "index out of bounds"` failed.
C:\actions-runner\_work\pytorch\pytorch\pytorch\aten\src\ATen\native\cuda\IndexKernel.cu:111: block: [3,0,0], thread: [112,0,0] Assertion `-sizes[i] <= index && index < sizes[i] && "index out of bounds"` failed.
C:\actions-runner\_work\pytorch\pytorch\pytorch\aten\src\ATen\native\cuda\IndexKernel.cu:111: block: [1,0,0], thread: [40,0,0] Assertion `-sizes[i] <= index && index < sizes[i] && "index out of bounds"` failed.
C:\actions-runner\_work\pytorch\pytorch\pytorch\aten\src\ATen\native\cuda\IndexKernel.cu:111: block: [1,0,0], thread: [48,0,0] Assertion `-sizes[i] <= index && index < sizes[i] && "index out of bounds"` failed.
C:\actions-runner\_work\pytorch\pytorch\pytorch\aten\src\ATen\native\cuda\IndexKernel.cu:111: block: [21,0,0], thread: [82,0,0] Assertion `-sizes[i] <= index && index < sizes[i] && "index out of bounds"` failed.
C:\actions-runner\_work\pytorch\pytorch\pytorch\aten\src\ATen\native\cuda\IndexKernel.cu:111: block: [23,0,0], thread: [114,0,0] Assertion `-sizes[i] <= index && index < sizes[i] && "index out of bounds"` failed.
C:\actions-runner\_work\pytorch\pytorch\pytorch\aten\src\ATen\native\cuda\IndexKernel.cu:111: block: [18,0,0], thread: [51,0,0] Assertion `-sizes[i] <= index && index < sizes[i] && "index out of bounds"` failed.
C:\actions-runner\_work\pytorch\pytorch\pytorch\aten\src\ATen\native\cuda\IndexKernel.cu:111: block: [11,0,0], thread: [7,0,0] Assertion `-sizes[i] <= index && index < sizes[i] && "index out of bounds"` failed.
C:\actions-runner\_work\pytorch\pytorch\pytorch\aten\src\ATen\native\cuda\IndexKernel.cu:111: block: [11,0,0], thread: [14,0,0] Assertion `-sizes[i] <= index && index < sizes[i] && "index out of bounds"` failed.
C:\actions-runner\_work\pytorch\pytorch\pytorch\aten\src\ATen\native\cuda\IndexKernel.cu:111: block: [11,0,0], thread: [17,0,0] Assertion `-sizes[i] <= index && index < sizes[i] && "index out of bounds"` failed.
C:\actions-runner\_work\pytorch\pytorch\pytorch\aten\src\ATen\native\cuda\IndexKernel.cu:111: block: [10,0,0], thread: [53,0,0] Assertion `-sizes[i] <= index && index < sizes[i] && "index out of bounds"` failed.
C:\actions-runner\_work\pytorch\pytorch\pytorch\aten\src\ATen\native\cuda\IndexKernel.cu:111: block: [9,0,0], thread: [53,0,0] Assertion `-sizes[i] <= index && index < sizes[i] && "index out of bounds"` failed.
C:\actions-runner\_work\pytorch\pytorch\pytorch\aten\src\ATen\native\cuda\IndexKernel.cu:111: block: [14,0,0], thread: [5,0,0] Assertion `-sizes[i] <= index && index < sizes[i] && "index out of bounds"` failed.
C:\actions-runner\_work\pytorch\pytorch\pytorch\aten\src\ATen\native\cuda\IndexKernel.cu:111: block: [14,0,0], thread: [21,0,0] Assertion `-sizes[i] <= index && index < sizes[i] && "index out of bounds"` failed.
C:\actions-runner\_work\pytorch\pytorch\pytorch\aten\src\ATen\native\cuda\IndexKernel.cu:111: block: [12,0,0], thread: [83,0,0] Assertion `-sizes[i] <= index && index < sizes[i] && "index out of bounds"` failed.
C:\actions-runner\_work\pytorch\pytorch\pytorch\aten\src\ATen\native\cuda\IndexKernel.cu:111: block: [12,0,0], thread: [85,0,0] Assertion `-sizes[i] <= index && index < sizes[i] && "index out of bounds"` failed.
C:\actions-runner\_work\pytorch\pytorch\pytorch\aten\src\ATen\native\cuda\IndexKernel.cu:111: block: [23,0,0], thread: [45,0,0] Assertion `-sizes[i] <= index && index < sizes[i] && "index out of bounds"` failed.
C:\actions-runner\_work\pytorch\pytorch\pytorch\aten\src\ATen\native\cuda\IndexKernel.cu:111: block: [23,0,0], thread: [53,0,0] Assertion `-sizes[i] <= index && index < sizes[i] && "index out of bounds"` failed.
C:\actions-runner\_work\pytorch\pytorch\pytorch\aten\src\ATen\native\cuda\IndexKernel.cu:111: block: [31,0,0], thread: [83,0,0] Assertion `-sizes[i] <= index && index < sizes[i] && "index out of bounds"` failed.
C:\actions-runner\_work\pytorch\pytorch\pytorch\aten\src\ATen\native\cuda\IndexKernel.cu:111: block: [31,0,0], thread: [85,0,0] Assertion `-sizes[i] <= index && index < sizes[i] && "index out of bounds"` failed.
C:\actions-runner\_work\pytorch\pytorch\pytorch\aten\src\ATen\native\cuda\IndexKernel.cu:111: block: [19,0,0], thread: [2,0,0] Assertion `-sizes[i] <= index && index < sizes[i] && "index out of bounds"` failed.
C:\actions-runner\_work\pytorch\pytorch\pytorch\aten\src\ATen\native\cuda\IndexKernel.cu:111: block: [19,0,0], thread: [3,0,0] Assertion `-sizes[i] <= index && index < sizes[i] && "index out of bounds"` failed.
C:\actions-runner\_work\pytorch\pytorch\pytorch\aten\src\ATen\native\cuda\IndexKernel.cu:111: block: [19,0,0], thread: [20,0,0] Assertion `-sizes[i] <= index && index < sizes[i] && "index out of bounds"` failed.
C:\actions-runner\_work\pytorch\pytorch\pytorch\aten\src\ATen\native\cuda\IndexKernel.cu:111: block: [13,0,0], thread: [36,0,0] Assertion `-sizes[i] <= index && index < sizes[i] && "index out of bounds"` failed.
C:\actions-runner\_work\pytorch\pytorch\pytorch\aten\src\ATen\native\cuda\IndexKernel.cu:111: block: [13,0,0], thread: [54,0,0] Assertion `-sizes[i] <= index && index < sizes[i] && "index out of bounds"` failed.
C:\actions-runner\_work\pytorch\pytorch\pytorch\aten\src\ATen\native\cuda\IndexKernel.cu:111: block: [6,0,0], thread: [40,0,0] Assertion `-sizes[i] <= index && index < sizes[i] && "index out of bounds"` failed.
C:\actions-runner\_work\pytorch\pytorch\pytorch\aten\src\ATen\native\cuda\IndexKernel.cu:111: block: [6,0,0], thread: [55,0,0] Assertion `-sizes[i] <= index && index < sizes[i] && "index out of bounds"` failed.
C:\actions-runner\_work\pytorch\pytorch\pytorch\aten\src\ATen\native\cuda\IndexKernel.cu:111: block: [29,0,0], thread: [5,0,0] Assertion `-sizes[i] <= index && index < sizes[i] && "index out of bounds"` failed.
C:\actions-runner\_work\pytorch\pytorch\pytorch\aten\src\ATen\native\cuda\IndexKernel.cu:111: block: [29,0,0], thread: [23,0,0] Assertion `-sizes[i] <= index && index < sizes[i] && "index out of bounds"` failed.
C:\actions-runner\_work\pytorch\pytorch\pytorch\aten\src\ATen\native\cuda\IndexKernel.cu:111: block: [3,0,0], thread: [50,0,0] Assertion `-sizes[i] <= index && index < sizes[i] && "index out of bounds"` failed.
C:\actions-runner\_work\pytorch\pytorch\pytorch\aten\src\ATen\native\cuda\IndexKernel.cu:111: block: [3,0,0], thread: [52,0,0] Assertion `-sizes[i] <= index && index < sizes[i] && "index out of bounds"` failed.
C:\actions-runner\_work\pytorch\pytorch\pytorch\aten\src\ATen\native\cuda\IndexKernel.cu:111: block: [3,0,0], thread: [54,0,0] Assertion `-sizes[i] <= index && index < sizes[i] && "index out of bounds"` failed.
C:\actions-runner\_work\pytorch\pytorch\pytorch\aten\src\ATen\native\cuda\IndexKernel.cu:111: block: [20,0,0], thread: [1,0,0] Assertion `-sizes[i] <= index && index < sizes[i] && "index out of bounds"` failed.
C:\actions-runner\_work\pytorch\pytorch\pytorch\aten\src\ATen\native\cuda\IndexKernel.cu:111: block: [20,0,0], thread: [3,0,0] Assertion `-sizes[i] <= index && index < sizes[i] && "index out of bounds"` failed.
C:\actions-runner\_work\pytorch\pytorch\pytorch\aten\src\ATen\native\cuda\IndexKernel.cu:111: block: [20,0,0], thread: [21,0,0] Assertion `-sizes[i] <= index && index < sizes[i] && "index out of bounds"` failed.
C:\actions-runner\_work\pytorch\pytorch\pytorch\aten\src\ATen\native\cuda\IndexKernel.cu:111: block: [9,0,0], thread: [121,0,0] Assertion `-sizes[i] <= index && index < sizes[i] && "index out of bounds"` failed.
C:\actions-runner\_work\pytorch\pytorch\pytorch\aten\src\ATen\native\cuda\IndexKernel.cu:111: block: [25,0,0], thread: [9,0,0] Assertion `-sizes[i] <= index && index < sizes[i] && "index out of bounds"` failed.
C:\actions-runner\_work\pytorch\pytorch\pytorch\aten\src\ATen\native\cuda\IndexKernel.cu:111: block: [25,0,0], thread: [17,0,0] Assertion `-sizes[i] <= index && index < sizes[i] && "index out of bounds"` failed.
C:\actions-runner\_work\pytorch\pytorch\pytorch\aten\src\ATen\native\cuda\IndexKernel.cu:111: block: [25,0,0], thread: [22,0,0] Assertion `-sizes[i] <= index && index < sizes[i] && "index out of bounds"` failed.
C:\actions-runner\_work\pytorch\pytorch\pytorch\aten\src\ATen\native\cuda\IndexKernel.cu:111: block: [25,0,0], thread: [87,0,0] Assertion `-sizes[i] <= index && index < sizes[i] && "index out of bounds"` failed.
C:\actions-runner\_work\pytorch\pytorch\pytorch\aten\src\ATen\native\cuda\IndexKernel.cu:111: block: [25,0,0], thread: [88,0,0] Assertion `-sizes[i] <= index && index < sizes[i] && "index out of bounds"` failed.
C:\actions-runner\_work\pytorch\pytorch\pytorch\aten\src\ATen\native\cuda\IndexKernel.cu:111: block: [29,0,0], thread: [89,0,0] Assertion `-sizes[i] <= index && index < sizes[i] && "index out of bounds"` failed.
C:\actions-runner\_work\pytorch\pytorch\pytorch\aten\src\ATen\native\cuda\IndexKernel.cu:111: block: [24,0,0], thread: [122,0,0] Assertion `-sizes[i] <= index && index < sizes[i] && "index out of bounds"` failed.
C:\actions-runner\_work\pytorch\pytorch\pytorch\aten\src\ATen\native\cuda\IndexKernel.cu:111: block: [29,0,0], thread: [58,0,0] Assertion `-sizes[i] <= index && index < sizes[i] && "index out of bounds"` failed.
C:\actions-runner\_work\pytorch\pytorch\pytorch\aten\src\ATen\native\cuda\IndexKernel.cu:111: block: [31,0,0], thread: [110,0,0] Assertion `-sizes[i] <= index && index < sizes[i] && "index out of bounds"` failed.
C:\actions-runner\_work\pytorch\pytorch\pytorch\aten\src\ATen\native\cuda\IndexKernel.cu:111: block: [31,0,0], thread: [113,0,0] Assertion `-sizes[i] <= index && index < sizes[i] && "index out of bounds"` failed.
C:\actions-runner\_work\pytorch\pytorch\pytorch\aten\src\ATen\native\cuda\IndexKernel.cu:111: block: [31,0,0], thread: [120,0,0] Assertion `-sizes[i] <= index && index < sizes[i] && "index out of bounds"` failed.
C:\actions-runner\_work\pytorch\pytorch\pytorch\aten\src\ATen\native\cuda\IndexKernel.cu:111: block: [20,0,0], thread: [91,0,0] Assertion `-sizes[i] <= index && index < sizes[i] && "index out of bounds"` failed.
C:\actions-runner\_work\pytorch\pytorch\pytorch\aten\src\ATen\native\cuda\IndexKernel.cu:111: block: [3,0,0], thread: [4,0,0] Assertion `-sizes[i] <= index && index < sizes[i] && "index out of bounds"` failed.
C:\actions-runner\_work\pytorch\pytorch\pytorch\aten\src\ATen\native\cuda\IndexKernel.cu:111: block: [3,0,0], thread: [27,0,0] Assertion `-sizes[i] <= index && index < sizes[i] && "index out of bounds"` failed.
C:\actions-runner\_work\pytorch\pytorch\pytorch\aten\src\ATen\native\cuda\IndexKernel.cu:111: block: [20,0,0], thread: [98,0,0] Assertion `-sizes[i] <= index && index < sizes[i] && "index out of bounds"` failed.
C:\actions-runner\_work\pytorch\pytorch\pytorch\aten\src\ATen\native\cuda\IndexKernel.cu:111: block: [20,0,0], thread: [99,0,0] Assertion `-sizes[i] <= index && index < sizes[i] && "index out of bounds"` failed.
C:\actions-runner\_work\pytorch\pytorch\pytorch\aten\src\ATen\native\cuda\IndexKernel.cu:111: block: [20,0,0], thread: [121,0,0] Assertion `-sizes[i] <= index && index < sizes[i] && "index out of bounds"` failed.
C:\actions-runner\_work\pytorch\pytorch\pytorch\aten\src\ATen\native\cuda\IndexKernel.cu:111: block: [7,0,0], thread: [64,0,0] Assertion `-sizes[i] <= index && index < sizes[i] && "index out of bounds"` failed.
C:\actions-runner\_work\pytorch\pytorch\pytorch\aten\src\ATen\native\cuda\IndexKernel.cu:111: block: [7,0,0], thread: [93,0,0] Assertion `-sizes[i] <= index && index < sizes[i] && "index out of bounds"` failed.
C:\actions-runner\_work\pytorch\pytorch\pytorch\aten\src\ATen\native\cuda\IndexKernel.cu:111: block: [7,0,0], thread: [22,0,0] Assertion `-sizes[i] <= index && index < sizes[i] && "index out of bounds"` failed.
C:\actions-runner\_work\pytorch\pytorch\pytorch\aten\src\ATen\native\cuda\IndexKernel.cu:111: block: [7,0,0], thread: [28,0,0] Assertion `-sizes[i] <= index && index < sizes[i] && "index out of bounds"` failed.
C:\actions-runner\_work\pytorch\pytorch\pytorch\aten\src\ATen\native\cuda\IndexKernel.cu:111: block: [14,0,0], thread: [32,0,0] Assertion `-sizes[i] <= index && index < sizes[i] && "index out of bounds"` failed.
C:\actions-runner\_work\pytorch\pytorch\pytorch\aten\src\ATen\native\cuda\IndexKernel.cu:111: block: [14,0,0], thread: [49,0,0] Assertion `-sizes[i] <= index && index < sizes[i] && "index out of bounds"` failed.
C:\actions-runner\_work\pytorch\pytorch\pytorch\aten\src\ATen\native\cuda\IndexKernel.cu:111: block: [14,0,0], thread: [60,0,0] Assertion `-sizes[i] <= index && index < sizes[i] && "index out of bounds"` failed.
C:\actions-runner\_work\pytorch\pytorch\pytorch\aten\src\ATen\native\cuda\IndexKernel.cu:111: block: [26,0,0], thread: [10,0,0] Assertion `-sizes[i] <= index && index < sizes[i] && "index out of bounds"` failed.
C:\actions-runner\_work\pytorch\pytorch\pytorch\aten\src\ATen\native\cuda\IndexKernel.cu:111: block: [26,0,0], thread: [18,0,0] Assertion `-sizes[i] <= index && index < sizes[i] && "index out of bounds"` failed.
C:\actions-runner\_work\pytorch\pytorch\pytorch\aten\src\ATen\native\cuda\IndexKernel.cu:111: block: [26,0,0], thread: [27,0,0] Assertion `-sizes[i] <= index && index < sizes[i] && "index out of bounds"` failed.
C:\actions-runner\_work\pytorch\pytorch\pytorch\aten\src\ATen\native\cuda\IndexKernel.cu:111: block: [15,0,0], thread: [82,0,0] Assertion `-sizes[i] <= index && index < sizes[i] && "index out of bounds"` failed.
C:\actions-runner\_work\pytorch\pytorch\pytorch\aten\src\ATen\native\cuda\IndexKernel.cu:111: block: [15,0,0], thread: [94,0,0] Assertion `-sizes[i] <= index && index < sizes[i] && "index out of bounds"` failed.
C:\actions-runner\_work\pytorch\pytorch\pytorch\aten\src\ATen\native\cuda\IndexKernel.cu:111: block: [15,0,0], thread: [112,0,0] Assertion `-sizes[i] <= index && index < sizes[i] && "index out of bounds"` failed.
C:\actions-runner\_work\pytorch\pytorch\pytorch\aten\src\ATen\native\cuda\IndexKernel.cu:111: block: [15,0,0], thread: [126,0,0] Assertion `-sizes[i] <= index && index < sizes[i] && "index out of bounds"` failed.
C:\actions-runner\_work\pytorch\pytorch\pytorch\aten\src\ATen\native\cuda\IndexKernel.cu:111: block: [12,0,0], thread: [53,0,0] Assertion `-sizes[i] <= index && index < sizes[i] && "index out of bounds"` failed.
C:\actions-runner\_work\pytorch\pytorch\pytorch\aten\src\ATen\native\cuda\IndexKernel.cu:111: block: [12,0,0], thread: [63,0,0] Assertion `-sizes[i] <= index && index < sizes[i] && "index out of bounds"` failed.
C:\actions-runner\_work\pytorch\pytorch\pytorch\aten\src\ATen\native\cuda\IndexKernel.cu:111: block: [31,0,0], thread: [1,0,0] Assertion `-sizes[i] <= index && index < sizes[i] && "index out of bounds"` failed.
C:\actions-runner\_work\pytorch\pytorch\pytorch\aten\src\ATen\native\cuda\IndexKernel.cu:111: block: [31,0,0], thread: [3,0,0] Assertion `-sizes[i] <= index && index < sizes[i] && "index out of bounds"` failed.
C:\actions-runner\_work\pytorch\pytorch\pytorch\aten\src\ATen\native\cuda\IndexKernel.cu:111: block: [31,0,0], thread: [15,0,0] Assertion `-sizes[i] <= index && index < sizes[i] && "index out of bounds"` failed.
C:\actions-runner\_work\pytorch\pytorch\pytorch\aten\src\ATen\native\cuda\IndexKernel.cu:111: block: [31,0,0], thread: [28,0,0] Assertion `-sizes[i] <= index && index < sizes[i] && "index out of bounds"` failed.
C:\actions-runner\_work\pytorch\pytorch\pytorch\aten\src\ATen\native\cuda\IndexKernel.cu:111: block: [25,0,0], thread: [97,0,0] Assertion `-sizes[i] <= index && index < sizes[i] && "index out of bounds"` failed.
C:\actions-runner\_work\pytorch\pytorch\pytorch\aten\src\ATen\native\cuda\IndexKernel.cu:111: block: [25,0,0], thread: [110,0,0] Assertion `-sizes[i] <= index && index < sizes[i] && "index out of bounds"` failed.
C:\actions-runner\_work\pytorch\pytorch\pytorch\aten\src\ATen\native\cuda\IndexKernel.cu:111: block: [25,0,0], thread: [127,0,0] Assertion `-sizes[i] <= index && index < sizes[i] && "index out of bounds"` failed.
C:\actions-runner\_work\pytorch\pytorch\pytorch\aten\src\ATen\native\cuda\IndexKernel.cu:111: block: [15,0,0], thread: [46,0,0] Assertion `-sizes[i] <= index && index < sizes[i] && "index out of bounds"` failed.
C:\actions-runner\_work\pytorch\pytorch\pytorch\aten\src\ATen\native\cuda\IndexKernel.cu:111: block: [15,0,0], thread: [60,0,0] Assertion `-sizes[i] <= index && index < sizes[i] && "index out of bounds"` failed.
C:\actions-runner\_work\pytorch\pytorch\pytorch\aten\src\ATen\native\cuda\IndexKernel.cu:111: block: [15,0,0], thread: [62,0,0] Assertion `-sizes[i] <= index && index < sizes[i] && "index out of bounds"` failed.
C:\actions-runner\_work\pytorch\pytorch\pytorch\aten\src\ATen\native\cuda\IndexKernel.cu:111: block: [31,0,0], thread: [40,0,0] Assertion `-sizes[i] <= index && index < sizes[i] && "index out of bounds"` failed.
C:\actions-runner\_work\pytorch\pytorch\pytorch\aten\src\ATen\native\cuda\IndexKernel.cu:111: block: [31,0,0], thread: [49,0,0] Assertion `-sizes[i] <= index && index < sizes[i] && "index out of bounds"` failed.
C:\actions-runner\_work\pytorch\pytorch\pytorch\aten\src\ATen\native\cuda\IndexKernel.cu:111: block: [31,0,0], thread: [60,0,0] Assertion `-sizes[i] <= index && index < sizes[i] && "index out of bounds"` failed.
C:\actions-runner\_work\pytorch\pytorch\pytorch\aten\src\ATen\native\cuda\IndexKernel.cu:111: block: [31,0,0], thread: [63,0,0] Assertion `-sizes[i] <= index && index < sizes[i] && "index out of bounds"` failed.

Hard timeout reached after 3652s (limit: 3600s)

Saved checkpoint_pre_eval.pt
Traceback (most recent call last):
  File "F:\UserData\git-repos\autoresearch-win-rtx\train.py", line 1828, in <module>
    raise SystemExit(main())
  File "F:\UserData\git-repos\autoresearch-win-rtx\train.py", line 1764, in main
    val_bpb = evaluate_bpb(
  File "F:\UserData\git-repos\autoresearch-win-rtx\.venv\lib\site-packages\torch\utils\_contextlib.py", line 120, in decorate_context
    return func(*args, **kwargs)
  File "F:\UserData\git-repos\autoresearch-win-rtx\prepare.py", line 595, in evaluate_bpb
    total_nats += (loss_flat * mask).sum().item()
torch.AcceleratorError: CUDA error: device-side assert triggered
Search for `cudaErrorAssert' in https://docs.nvidia.com/cuda/cuda-runtime-api/group__CUDART__TYPES.html for more information.
CUDA kernel errors might be asynchronously reported at some other API call, so the stacktrace below might be incorrect.
For debugging consider passing CUDA_LAUNCH_BLOCKING=1
Compile with `TORCH_USE_CUDA_DSA` to enable device-side assertions.

Unhandled exception caught in c10/util/AbortHandler.h
00007FFDE69C9FD600007FFDE69C0A90 torch_python.dll!torch::autograd::THPCppFunction_requires_grad [<unknown file> @ <unknown line number>]
00007FFF841F19D700007FFF841F19C0 ucrtbase.dll!terminate [<unknown file> @ <unknown line number>]
00007FFF6EC61943 <unknown symbol address> VCRUNTIME140_1.dll!<unknown symbol> [<unknown file> @ <unknown line number>]
00007FFF6EC621AF <unknown symbol address> VCRUNTIME140_1.dll!<unknown symbol> [<unknown file> @ <unknown line number>]
00007FFF6EC6220D <unknown symbol address> VCRUNTIME140_1.dll!<unknown symbol> [<unknown file> @ <unknown line number>]
00007FFF6EC6408200007FFF6EC63FD0 VCRUNTIME140_1.dll!_CxxFrameHandler4 [<unknown file> @ <unknown line number>]
00007FFF878C61CF00007FFF878C6130 ntdll.dll!_chkstk [<unknown file> @ <unknown line number>]
00007FFF877723A700007FFF87771E10 ntdll.dll!RtlLocateExtendedFeature [<unknown file> @ <unknown line number>]
00007FFF8776A96100007FFF8776A740 ntdll.dll!RtlRaiseException [<unknown file> @ <unknown line number>]
00007FFF84DE73FA00007FFF84DE7370 KERNELBASE.dll!RaiseException [<unknown file> @ <unknown line number>]
00007FFF684652C700007FFF68465230 VCRUNTIME140.dll!CxxThrowException [<unknown file> @ <unknown line number>]
00007FFF682BBCBB00007FFF682BBB40 c10_cuda.dll!c10::cuda::c10_cuda_check_implementation [<unknown file> @ <unknown line number>]
00007FFDF94C21D000007FFDF94C20D0 torch_cuda.dll!c10::ivalue::Future::createInstance [<unknown file> @ <unknown line number>]
00007FFDF94C52DB00007FFDF94C5200 torch_cuda.dll!at::cuda::CUDAEvent::record [<unknown file> @ <unknown line number>]
00007FFDF94D487500007FFDF94D0D10 torch_cuda.dll!torch::cuda::CUDAPluggableAllocator::CUDAPluggableAllocator::enable [<unknown file> @ <unknown line number>]
00007FFDF94D291900007FFDF94D0D10 torch_cuda.dll!torch::cuda::CUDAPluggableAllocator::CUDAPluggableAllocator::enable [<unknown file> @ <unknown line number>]
00007FFF4B3D909E00007FFF4B3D9050 c10.dll!c10::StorageImpl::~StorageImpl [<unknown file> @ <unknown line number>]
00007FFDED8A77E500007FFDED8A5F80 torch_cpu.dll!at::DynamicLibrary::sym [<unknown file> @ <unknown line number>]
00007FFF4B3C488200007FFF4B3C4810 c10.dll!c10::ConstantSymNodeImpl<__int64>::~ConstantSymNodeImpl<__int64> [<unknown file> @ <unknown line number>]
00007FFF4B3FF67C00007FFF4B3FF620 c10.dll!c10::TensorImpl::~TensorImpl [<unknown file> @ <unknown line number>]
00007FFDED8A782500007FFDED8A5F80 torch_cpu.dll!at::DynamicLibrary::sym [<unknown file> @ <unknown line number>]
00007FFDED845F5800007FFDED845ED0 torch_cpu.dll!at::TensorBase::reset [<unknown file> @ <unknown line number>]
00007FFDE69D7F5500007FFDE69CAE20 torch_python.dll!initModule [<unknown file> @ <unknown line number>]
00007FFDE6A8240500007FFDE6A7F970 torch_python.dll!THPVariable_Wrap [<unknown file> @ <unknown line number>]
00007FFDE6A826FD00007FFDE6A7F970 torch_python.dll!THPVariable_Wrap [<unknown file> @ <unknown line number>]
00007FFF174B5F4700007FFF174B35A0 python310.dll!PyObject_GC_Del [<unknown file> @ <unknown line number>]
00007FFF174F6E6E00007FFF174F6BC0 python310.dll!PyErr_Clear [<unknown file> @ <unknown line number>]
00007FFF174F6C3F00007FFF174F6BC0 python310.dll!PyErr_Clear [<unknown file> @ <unknown line number>]
00007FFF174F6A4500007FFF174F68EC python310.dll!PyGen_Finalize [<unknown file> @ <unknown line number>]
00007FFF174F697C00007FFF174F68EC python310.dll!PyGen_Finalize [<unknown file> @ <unknown line number>]
00007FFF174F66DA00007FFF174F5744 python310.dll!PyVectorcall_Call [<unknown file> @ <unknown line number>]
00007FFF174B5F4700007FFF174B35A0 python310.dll!PyObject_GC_Del [<unknown file> @ <unknown line number>]
00007FFF174F6E6E00007FFF174F6BC0 python310.dll!PyErr_Clear [<unknown file> @ <unknown line number>]
00007FFF174F6E8400007FFF174F6BC0 python310.dll!PyErr_Clear [<unknown file> @ <unknown line number>]
00007FFF174F6E8400007FFF174F6BC0 python310.dll!PyErr_Clear [<unknown file> @ <unknown line number>]
00007FFF174F6E8400007FFF174F6BC0 python310.dll!PyErr_Clear [<unknown file> @ <unknown line number>]
00007FFF174E904900007FFF174E7F30 python310.dll!PyObject_GenericSetAttrWithDict [<unknown file> @ <unknown line number>]
00007FFF174E7D7300007FFF174E7D00 python310.dll!PyDict_SetItem [<unknown file> @ <unknown line number>]
00007FFF1752FCA700007FFF1752FC68 python310.dll!PyDict_SetItemString [<unknown file> @ <unknown line number>]
00007FFF175836EA00007FFF17582BE8 python310.dll!PyThread_free_lock [<unknown file> @ <unknown line number>]
00007FFF175832B400007FFF17582BE8 python310.dll!PyThread_free_lock [<unknown file> @ <unknown line number>]
00007FFF1751B25600007FFF1751B1C0 python310.dll!Py_FinalizeEx [<unknown file> @ <unknown line number>]
00007FFF17581C1D00007FFF17581C00 python310.dll!Py_RunMain [<unknown file> @ <unknown line number>]
00007FFF175EF2F700007FFF175EF2CC python310.dll!Py_Main [<unknown file> @ <unknown line number>]
00007FF688B71230 <unknown symbol address> python.exe!<unknown symbol> [<unknown file> @ <unknown line number>]
00007FFF869FE8D700007FFF869FE8C0 KERNEL32.DLL!BaseThreadInitThunk [<unknown file> @ <unknown line number>]
00007FFF877EC48C00007FFF877EC460 ntdll.dll!RtlUserThreadStart [<unknown file> @ <unknown line number>]

